{"/Users/smita/TestProjects/tempestatibus/src/app.ts": {"path":"/Users/smita/TestProjects/tempestatibus/src/app.ts","statementMap":{"0":{"start":{"line":2,"column":0},"end":{"line":2,"column":51}},"1":{"start":{"line":3,"column":0},"end":{"line":3,"column":39}},"2":{"start":{"line":4,"column":0},"end":{"line":4,"column":58}},"3":{"start":{"line":5,"column":0},"end":{"line":5,"column":106}},"4":{"start":{"line":6,"column":0},"end":{"line":6,"column":51}},"5":{"start":{"line":8,"column":27},"end":{"line":18,"column":1}},"6":{"start":{"line":9,"column":19},"end":{"line":9,"column":36}},"7":{"start":{"line":10,"column":4},"end":{"line":10,"column":null}},"8":{"start":{"line":11,"column":4},"end":{"line":11,"column":null}},"9":{"start":{"line":12,"column":4},"end":{"line":12,"column":null}},"10":{"start":{"line":13,"column":4},"end":{"line":15,"column":7}},"11":{"start":{"line":16,"column":4},"end":{"line":16,"column":null}},"12":{"start":{"line":17,"column":4},"end":{"line":17,"column":null}},"13":{"start":{"line":8,"column":13},"end":{"line":8,"column":27}}},"fnMap":{"0":{"name":"(anonymous_7)","decl":{"start":{"line":8,"column":27},"end":{"line":8,"column":46}},"loc":{"start":{"line":8,"column":48},"end":{"line":18,"column":1}}}},"branchMap":{},"s":{"0":1,"1":1,"2":1,"3":1,"4":1,"5":1,"6":1,"7":1,"8":1,"9":1,"10":1,"11":1,"12":1,"13":1},"f":{"0":1},"b":{}}
,"/Users/smita/TestProjects/tempestatibus/src/cache/geoCoordinatesCache.ts": {"path":"/Users/smita/TestProjects/tempestatibus/src/cache/geoCoordinatesCache.ts","statementMap":{"0":{"start":{"line":2,"column":0},"end":{"line":2,"column":27}},"1":{"start":{"line":4,"column":47},"end":{"line":4,"column":51}},"2":{"start":{"line":6,"column":33},"end":{"line":12,"column":1}},"3":{"start":{"line":7,"column":4},"end":{"line":9,"column":null}},"4":{"start":{"line":8,"column":8},"end":{"line":8,"column":null}},"5":{"start":{"line":11,"column":4},"end":{"line":11,"column":null}},"6":{"start":{"line":6,"column":13},"end":{"line":6,"column":33}},"7":{"start":{"line":14,"column":20},"end":{"line":29,"column":1}},"8":{"start":{"line":15,"column":4},"end":{"line":15,"column":null}},"9":{"start":{"line":16,"column":4},"end":{"line":16,"column":60}},"10":{"start":{"line":17,"column":4},"end":{"line":17,"column":62}},"11":{"start":{"line":18,"column":4},"end":{"line":18,"column":59}},"12":{"start":{"line":19,"column":4},"end":{"line":19,"column":60}},"13":{"start":{"line":20,"column":4},"end":{"line":20,"column":60}},"14":{"start":{"line":21,"column":4},"end":{"line":21,"column":59}},"15":{"start":{"line":22,"column":4},"end":{"line":22,"column":58}},"16":{"start":{"line":23,"column":4},"end":{"line":23,"column":58}},"17":{"start":{"line":24,"column":4},"end":{"line":24,"column":56}},"18":{"start":{"line":25,"column":4},"end":{"line":25,"column":56}},"19":{"start":{"line":26,"column":4},"end":{"line":26,"column":58}},"20":{"start":{"line":27,"column":4},"end":{"line":27,"column":64}},"21":{"start":{"line":28,"column":4},"end":{"line":28,"column":23}}},"fnMap":{"0":{"name":"(anonymous_6)","decl":{"start":{"line":6,"column":33},"end":{"line":6,"column":34}},"loc":{"start":{"line":6,"column":52},"end":{"line":12,"column":1}}},"1":{"name":"(anonymous_7)","decl":{"start":{"line":14,"column":20},"end":{"line":14,"column":21}},"loc":{"start":{"line":14,"column":59},"end":{"line":29,"column":1}}}},"branchMap":{"0":{"loc":{"start":{"line":7,"column":4},"end":{"line":9,"column":null}},"type":"if","locations":[{"start":{"line":7,"column":4},"end":{"line":9,"column":null}},{"start":{"line":7,"column":4},"end":{"line":9,"column":null}}]}},"s":{"0":2,"1":2,"2":2,"3":0,"4":0,"5":0,"6":2,"7":2,"8":0,"9":0,"10":0,"11":0,"12":0,"13":0,"14":0,"15":0,"16":0,"17":0,"18":0,"19":0,"20":0,"21":0},"f":{"0":0,"1":0},"b":{"0":[0,0]}}
,"/Users/smita/TestProjects/tempestatibus/src/cache/index.ts": {"path":"/Users/smita/TestProjects/tempestatibus/src/cache/index.ts","statementMap":{"0":{"start":{"line":1,"column":0},"end":{"line":1,"column":8}},"1":{"start":{"line":4,"column":8},"end":{"line":1,"column":56}},"2":{"start":{"line":2,"column":0},"end":{"line":2,"column":8}},"3":{"start":{"line":4,"column":27},"end":{"line":2,"column":50}},"4":{"start":{"line":4,"column":68},"end":{"line":2,"column":68}},"5":{"start":{"line":4,"column":86},"end":{"line":2,"column":99}},"6":{"start":{"line":4,"column":116},"end":{"line":2,"column":148}}},"fnMap":{"0":{"name":"(anonymous_0)","decl":{"start":{"line":4,"column":8},"end":{"line":4,"column":25}},"loc":{"start":{"line":4,"column":8},"end":{"line":1,"column":56}}},"1":{"name":"(anonymous_1)","decl":{"start":{"line":4,"column":27},"end":{"line":4,"column":67}},"loc":{"start":{"line":4,"column":27},"end":{"line":2,"column":50}}},"2":{"name":"(anonymous_2)","decl":{"start":{"line":4,"column":68},"end":{"line":4,"column":85}},"loc":{"start":{"line":4,"column":68},"end":{"line":2,"column":68}}},"3":{"name":"(anonymous_3)","decl":{"start":{"line":4,"column":86},"end":{"line":4,"column":115}},"loc":{"start":{"line":4,"column":86},"end":{"line":2,"column":99}}},"4":{"name":"(anonymous_4)","decl":{"start":{"line":4,"column":116},"end":{"line":4,"column":141}},"loc":{"start":{"line":4,"column":116},"end":{"line":2,"column":148}}}},"branchMap":{},"s":{"0":2,"1":2,"2":2,"3":2,"4":6,"5":4,"6":3},"f":{"0":0,"1":0,"2":4,"3":2,"4":1},"b":{}}
,"/Users/smita/TestProjects/tempestatibus/src/cache/weatherCache.ts": {"path":"/Users/smita/TestProjects/tempestatibus/src/cache/weatherCache.ts","statementMap":{"0":{"start":{"line":1,"column":0},"end":{"line":1,"column":28}},"1":{"start":{"line":2,"column":0},"end":{"line":2,"column":33}},"2":{"start":{"line":3,"column":0},"end":{"line":3,"column":99}},"3":{"start":{"line":4,"column":0},"end":{"line":4,"column":37}},"4":{"start":{"line":5,"column":0},"end":{"line":5,"column":26}},"5":{"start":{"line":7,"column":0},"end":{"line":7,"column":41}},"6":{"start":{"line":9,"column":33},"end":{"line":20,"column":1}},"7":{"start":{"line":10,"column":3},"end":{"line":13,"column":null}},"8":{"start":{"line":11,"column":7},"end":{"line":11,"column":null}},"9":{"start":{"line":12,"column":7},"end":{"line":12,"column":19}},"10":{"start":{"line":15,"column":3},"end":{"line":17,"column":null}},"11":{"start":{"line":16,"column":7},"end":{"line":16,"column":null}},"12":{"start":{"line":19,"column":3},"end":{"line":19,"column":16}},"13":{"start":{"line":9,"column":13},"end":{"line":9,"column":33}},"14":{"start":{"line":23,"column":45},"end":{"line":35,"column":1}},"15":{"start":{"line":24,"column":23},"end":{"line":24,"column":65}},"16":{"start":{"line":25,"column":4},"end":{"line":28,"column":null}},"17":{"start":{"line":26,"column":8},"end":{"line":26,"column":null}},"18":{"start":{"line":27,"column":8},"end":{"line":27,"column":null}},"19":{"start":{"line":30,"column":22},"end":{"line":32,"column":6}},"20":{"start":{"line":31,"column":8},"end":{"line":31,"column":null}},"21":{"start":{"line":34,"column":4},"end":{"line":34,"column":23}},"22":{"start":{"line":23,"column":13},"end":{"line":23,"column":45}},"23":{"start":{"line":37,"column":56},"end":{"line":63,"column":1}},"24":{"start":{"line":38,"column":4},"end":{"line":40,"column":null}},"25":{"start":{"line":39,"column":8},"end":{"line":39,"column":null}},"26":{"start":{"line":42,"column":20},"end":{"line":42,"column":47}},"27":{"start":{"line":43,"column":23},"end":{"line":43,"column":28}},"28":{"start":{"line":44,"column":26},"end":{"line":44,"column":56}},"29":{"start":{"line":45,"column":4},"end":{"line":47,"column":null}},"30":{"start":{"line":46,"column":8},"end":{"line":46,"column":null}},"31":{"start":{"line":49,"column":4},"end":{"line":55,"column":null}},"32":{"start":{"line":50,"column":8},"end":{"line":50,"column":null}},"33":{"start":{"line":53,"column":8},"end":{"line":53,"column":null}},"34":{"start":{"line":54,"column":8},"end":{"line":54,"column":null}},"35":{"start":{"line":56,"column":4},"end":{"line":59,"column":null}},"36":{"start":{"line":57,"column":8},"end":{"line":57,"column":null}},"37":{"start":{"line":58,"column":8},"end":{"line":58,"column":null}},"38":{"start":{"line":61,"column":4},"end":{"line":61,"column":null}},"39":{"start":{"line":62,"column":4},"end":{"line":62,"column":102}},"40":{"start":{"line":37,"column":13},"end":{"line":37,"column":56}},"41":{"start":{"line":65,"column":41},"end":{"line":92,"column":1}},"42":{"start":{"line":67,"column":16},"end":{"line":67,"column":51}},"43":{"start":{"line":68,"column":17},"end":{"line":68,"column":43}},"44":{"start":{"line":69,"column":17},"end":{"line":79,"column":null}},"45":{"start":{"line":82,"column":4},"end":{"line":89,"column":null}},"46":{"start":{"line":83,"column":8},"end":{"line":83,"column":50}},"47":{"start":{"line":84,"column":8},"end":{"line":84,"column":70}},"48":{"start":{"line":87,"column":8},"end":{"line":87,"column":null}},"49":{"start":{"line":88,"column":8},"end":{"line":88,"column":null}},"50":{"start":{"line":90,"column":4},"end":{"line":90,"column":null}},"51":{"start":{"line":91,"column":4},"end":{"line":91,"column":24}},"52":{"start":{"line":65,"column":13},"end":{"line":65,"column":41}}},"fnMap":{"0":{"name":"(anonymous_7)","decl":{"start":{"line":9,"column":33},"end":{"line":9,"column":34}},"loc":{"start":{"line":9,"column":85},"end":{"line":20,"column":1}}},"1":{"name":"(anonymous_8)","decl":{"start":{"line":23,"column":45},"end":{"line":23,"column":46}},"loc":{"start":{"line":23,"column":143},"end":{"line":35,"column":1}}},"2":{"name":"(anonymous_9)","decl":{"start":{"line":30,"column":40},"end":{"line":30,"column":41}},"loc":{"start":{"line":30,"column":44},"end":{"line":32,"column":5}}},"3":{"name":"(anonymous_10)","decl":{"start":{"line":37,"column":56},"end":{"line":37,"column":61}},"loc":{"start":{"line":37,"column":96},"end":{"line":63,"column":1}}},"4":{"name":"(anonymous_11)","decl":{"start":{"line":65,"column":41},"end":{"line":65,"column":46}},"loc":{"start":{"line":65,"column":108},"end":{"line":92,"column":1}}}},"branchMap":{"0":{"loc":{"start":{"line":10,"column":3},"end":{"line":13,"column":null}},"type":"if","locations":[{"start":{"line":10,"column":3},"end":{"line":13,"column":null}},{"start":{"line":10,"column":3},"end":{"line":13,"column":null}}]},"1":{"loc":{"start":{"line":15,"column":3},"end":{"line":17,"column":null}},"type":"if","locations":[{"start":{"line":15,"column":3},"end":{"line":17,"column":null}},{"start":{"line":15,"column":3},"end":{"line":17,"column":null}}]},"2":{"loc":{"start":{"line":24,"column":23},"end":{"line":24,"column":38}},"type":"binary-expr","locations":[{"start":{"line":24,"column":23},"end":{"line":24,"column":38}},{"start":{"line":24,"column":42},"end":{"line":24,"column":65}}]},"3":{"loc":{"start":{"line":25,"column":4},"end":{"line":28,"column":null}},"type":"if","locations":[{"start":{"line":25,"column":4},"end":{"line":28,"column":null}},{"start":{"line":25,"column":4},"end":{"line":28,"column":null}}]},"4":{"loc":{"start":{"line":38,"column":4},"end":{"line":40,"column":null}},"type":"if","locations":[{"start":{"line":38,"column":4},"end":{"line":40,"column":null}},{"start":{"line":38,"column":4},"end":{"line":40,"column":null}}]},"5":{"loc":{"start":{"line":38,"column":8},"end":{"line":38,"column":25}},"type":"binary-expr","locations":[{"start":{"line":38,"column":8},"end":{"line":38,"column":25}},{"start":{"line":38,"column":28},"end":{"line":38,"column":44}}]},"6":{"loc":{"start":{"line":45,"column":4},"end":{"line":47,"column":null}},"type":"if","locations":[{"start":{"line":45,"column":4},"end":{"line":47,"column":null}},{"start":{"line":45,"column":4},"end":{"line":47,"column":null}}]},"7":{"loc":{"start":{"line":45,"column":8},"end":{"line":45,"column":33}},"type":"binary-expr","locations":[{"start":{"line":45,"column":8},"end":{"line":45,"column":33}},{"start":{"line":45,"column":37},"end":{"line":45,"column":72}}]},"8":{"loc":{"start":{"line":56,"column":4},"end":{"line":59,"column":null}},"type":"if","locations":[{"start":{"line":56,"column":4},"end":{"line":59,"column":null}},{"start":{"line":56,"column":4},"end":{"line":59,"column":null}}]},"9":{"loc":{"start":{"line":84,"column":21},"end":{"line":84,"column":29}},"type":"binary-expr","locations":[{"start":{"line":84,"column":21},"end":{"line":84,"column":29}},{"start":{"line":84,"column":33},"end":{"line":84,"column":46}},{"start":{"line":84,"column":50},"end":{"line":84,"column":69}}]}},"s":{"0":2,"1":2,"2":2,"3":2,"4":2,"5":2,"6":2,"7":4,"8":1,"9":1,"10":3,"11":2,"12":1,"13":2,"14":2,"15":2,"16":2,"17":1,"18":1,"19":1,"20":1,"21":1,"22":2,"23":2,"24":0,"25":0,"26":0,"27":0,"28":0,"29":0,"30":0,"31":0,"32":0,"33":0,"34":0,"35":0,"36":0,"37":0,"38":0,"39":0,"40":2,"41":2,"42":1,"43":1,"44":1,"45":1,"46":1,"47":1,"48":0,"49":0,"50":1,"51":1,"52":2},"f":{"0":4,"1":2,"2":1,"3":0,"4":1},"b":{"0":[1,3],"1":[2,1],"2":[2,1],"3":[1,1],"4":[0,0],"5":[0,0],"6":[0,0],"7":[0,0],"8":[0,0],"9":[1,1,1]}}
,"/Users/smita/TestProjects/tempestatibus/src/common/config/config.ts": {"path":"/Users/smita/TestProjects/tempestatibus/src/common/config/config.ts","statementMap":{"0":{"start":{"line":2,"column":25},"end":{"line":13,"column":1}},"1":{"start":{"line":3,"column":4},"end":{"line":12,"column":null}},"2":{"start":{"line":4,"column":24},"end":{"line":4,"column":64}},"3":{"start":{"line":5,"column":25},"end":{"line":5,"column":65}},"4":{"start":{"line":6,"column":32},"end":{"line":6,"column":74}},"5":{"start":{"line":7,"column":23},"end":{"line":7,"column":56}},"6":{"start":{"line":8,"column":26},"end":{"line":8,"column":62}},"7":{"start":{"line":9,"column":30},"end":{"line":9,"column":70}},"8":{"start":{"line":11,"column":12},"end":{"line":11,"column":22}},"9":{"start":{"line":2,"column":13},"end":{"line":2,"column":25}}},"fnMap":{"0":{"name":"(anonymous_0)","decl":{"start":{"line":2,"column":25},"end":{"line":2,"column":26}},"loc":{"start":{"line":2,"column":40},"end":{"line":13,"column":1}}}},"branchMap":{"0":{"loc":{"start":{"line":4,"column":8},"end":{"line":4,"column":64}},"type":"switch","locations":[{"start":{"line":4,"column":8},"end":{"line":4,"column":64}},{"start":{"line":5,"column":8},"end":{"line":5,"column":65}},{"start":{"line":6,"column":8},"end":{"line":6,"column":74}},{"start":{"line":7,"column":8},"end":{"line":7,"column":56}},{"start":{"line":8,"column":8},"end":{"line":8,"column":62}},{"start":{"line":9,"column":8},"end":{"line":9,"column":70}},{"start":{"line":10,"column":8},"end":{"line":11,"column":22}}]},"1":{"loc":{"start":{"line":4,"column":31},"end":{"line":4,"column":54}},"type":"binary-expr","locations":[{"start":{"line":4,"column":31},"end":{"line":4,"column":54}},{"start":{"line":4,"column":56},"end":{"line":4,"column":63}}]},"2":{"loc":{"start":{"line":5,"column":32},"end":{"line":5,"column":55}},"type":"binary-expr","locations":[{"start":{"line":5,"column":32},"end":{"line":5,"column":55}},{"start":{"line":5,"column":57},"end":{"line":5,"column":64}}]},"3":{"loc":{"start":{"line":6,"column":39},"end":{"line":6,"column":69}},"type":"binary-expr","locations":[{"start":{"line":6,"column":39},"end":{"line":6,"column":69}},{"start":{"line":6,"column":71},"end":{"line":6,"column":73}}]},"4":{"loc":{"start":{"line":7,"column":30},"end":{"line":7,"column":51}},"type":"binary-expr","locations":[{"start":{"line":7,"column":30},"end":{"line":7,"column":51}},{"start":{"line":7,"column":53},"end":{"line":7,"column":55}}]},"5":{"loc":{"start":{"line":8,"column":33},"end":{"line":8,"column":57}},"type":"binary-expr","locations":[{"start":{"line":8,"column":33},"end":{"line":8,"column":57}},{"start":{"line":8,"column":59},"end":{"line":8,"column":61}}]},"6":{"loc":{"start":{"line":9,"column":37},"end":{"line":9,"column":65}},"type":"binary-expr","locations":[{"start":{"line":9,"column":37},"end":{"line":9,"column":65}},{"start":{"line":9,"column":67},"end":{"line":9,"column":69}}]}},"s":{"0":2,"1":7,"2":1,"3":2,"4":0,"5":1,"6":0,"7":3,"8":0,"9":2},"f":{"0":7},"b":{"0":[1,2,0,1,0,3,0],"1":[1,0],"2":[2,2],"3":[0,0],"4":[1,0],"5":[0,0],"6":[3,0]}}
,"/Users/smita/TestProjects/tempestatibus/src/common/config/index.ts": {"path":"/Users/smita/TestProjects/tempestatibus/src/common/config/index.ts","statementMap":{"0":{"start":{"line":1,"column":0},"end":{"line":1,"column":8}},"1":{"start":{"line":4,"column":4},"end":{"line":1,"column":35}}},"fnMap":{"0":{"name":"(anonymous_0)","decl":{"start":{"line":4,"column":4},"end":{"line":4,"column":13}},"loc":{"start":{"line":4,"column":4},"end":{"line":1,"column":35}}}},"branchMap":{},"s":{"0":2,"1":7},"f":{"0":5},"b":{}}
,"/Users/smita/TestProjects/tempestatibus/src/common/utils/constants.ts": {"path":"/Users/smita/TestProjects/tempestatibus/src/common/utils/constants.ts","statementMap":{"0":{"start":{"line":1,"column":13},"end":{"line":1,"column":95}},"1":{"start":{"line":2,"column":13},"end":{"line":2,"column":null}}},"fnMap":{},"branchMap":{},"s":{"0":2,"1":2},"f":{},"b":{}}
,"/Users/smita/TestProjects/tempestatibus/src/common/utils/httpCodes.ts": {"path":"/Users/smita/TestProjects/tempestatibus/src/common/utils/httpCodes.ts","statementMap":{"0":{"start":{"line":1,"column":0},"end":{"line":1,"column":null}},"1":{"start":{"line":2,"column":4},"end":{"line":2,"column":null}},"2":{"start":{"line":3,"column":4},"end":{"line":3,"column":null}},"3":{"start":{"line":4,"column":4},"end":{"line":4,"column":null}},"4":{"start":{"line":5,"column":4},"end":{"line":5,"column":null}},"5":{"start":{"line":6,"column":4},"end":{"line":6,"column":null}},"6":{"start":{"line":7,"column":4},"end":{"line":7,"column":null}}},"fnMap":{"0":{"name":"(anonymous_0)","decl":{"start":{"line":1,"column":0},"end":{"line":1,"column":12}},"loc":{"start":{"line":1,"column":21},"end":{"line":8,"column":1}}}},"branchMap":{"0":{"loc":{"start":{"line":1,"column":12},"end":{"line":1,"column":21}},"type":"binary-expr","locations":[{"start":{"line":1,"column":12},"end":{"line":1,"column":21}},{"start":{"line":1,"column":12},"end":{"line":1,"column":null}}]}},"s":{"0":2,"1":2,"2":2,"3":2,"4":2,"5":2,"6":2},"f":{"0":2},"b":{"0":[2,2]}}
,"/Users/smita/TestProjects/tempestatibus/src/common/utils/index.ts": {"path":"/Users/smita/TestProjects/tempestatibus/src/common/utils/index.ts","statementMap":{"0":{"start":{"line":1,"column":0},"end":{"line":1,"column":8}},"1":{"start":{"line":8,"column":4},"end":{"line":1,"column":32}},"2":{"start":{"line":2,"column":0},"end":{"line":2,"column":8}},"3":{"start":{"line":9,"column":4},"end":{"line":2,"column":43}},"4":{"start":{"line":3,"column":0},"end":{"line":3,"column":8}},"5":{"start":{"line":14,"column":4},"end":{"line":3,"column":18}},"6":{"start":{"line":13,"column":4},"end":{"line":3,"column":52}},"7":{"start":{"line":4,"column":0},"end":{"line":4,"column":8}},"8":{"start":{"line":10,"column":4},"end":{"line":4,"column":37}},"9":{"start":{"line":11,"column":4},"end":{"line":4,"column":72}},"10":{"start":{"line":12,"column":4},"end":{"line":4,"column":131}},"11":{"start":{"line":5,"column":0},"end":{"line":5,"column":8}},"12":{"start":{"line":15,"column":4},"end":{"line":5,"column":38}}},"fnMap":{"0":{"name":"(anonymous_0)","decl":{"start":{"line":8,"column":4},"end":{"line":8,"column":10}},"loc":{"start":{"line":8,"column":4},"end":{"line":1,"column":32}}},"1":{"name":"(anonymous_1)","decl":{"start":{"line":9,"column":4},"end":{"line":9,"column":13}},"loc":{"start":{"line":9,"column":4},"end":{"line":2,"column":43}}},"2":{"name":"(anonymous_2)","decl":{"start":{"line":14,"column":4},"end":{"line":14,"column":12}},"loc":{"start":{"line":14,"column":4},"end":{"line":3,"column":18}}},"3":{"name":"(anonymous_3)","decl":{"start":{"line":13,"column":4},"end":{"line":13,"column":17}},"loc":{"start":{"line":13,"column":4},"end":{"line":3,"column":52}}},"4":{"name":"(anonymous_4)","decl":{"start":{"line":10,"column":4},"end":{"line":10,"column":31}},"loc":{"start":{"line":10,"column":4},"end":{"line":4,"column":37}}},"5":{"name":"(anonymous_5)","decl":{"start":{"line":11,"column":4},"end":{"line":11,"column":37}},"loc":{"start":{"line":11,"column":4},"end":{"line":4,"column":72}}},"6":{"name":"(anonymous_6)","decl":{"start":{"line":12,"column":4},"end":{"line":12,"column":39}},"loc":{"start":{"line":12,"column":4},"end":{"line":4,"column":131}}},"7":{"name":"(anonymous_7)","decl":{"start":{"line":15,"column":4},"end":{"line":15,"column":13}},"loc":{"start":{"line":15,"column":4},"end":{"line":5,"column":38}}}},"branchMap":{},"s":{"0":2,"1":5,"2":2,"3":4,"4":2,"5":2,"6":2,"7":2,"8":2,"9":4,"10":2,"11":2,"12":5},"f":{"0":3,"1":2,"2":0,"3":0,"4":0,"5":2,"6":0,"7":3},"b":{}}
,"/Users/smita/TestProjects/tempestatibus/src/common/utils/logger.ts": {"path":"/Users/smita/TestProjects/tempestatibus/src/common/utils/logger.ts","statementMap":{"0":{"start":{"line":1,"column":0},"end":{"line":1,"column":24}},"1":{"start":{"line":2,"column":0},"end":{"line":2,"column":35}},"2":{"start":{"line":4,"column":16},"end":{"line":9,"column":null}},"3":{"start":{"line":10,"column":13},"end":{"line":10,"column":null}}},"fnMap":{},"branchMap":{},"s":{"0":2,"1":2,"2":2,"3":2},"f":{},"b":{}}
,"/Users/smita/TestProjects/tempestatibus/src/common/utils/upstreamUrls.ts": {"path":"/Users/smita/TestProjects/tempestatibus/src/common/utils/upstreamUrls.ts","statementMap":{"0":{"start":{"line":2,"column":42},"end":{"line":2,"column":87}},"1":{"start":{"line":2,"column":63},"end":{"line":2,"column":87}},"2":{"start":{"line":2,"column":13},"end":{"line":2,"column":42}},"3":{"start":{"line":4,"column":48},"end":{"line":4,"column":64}},"4":{"start":{"line":4,"column":54},"end":{"line":4,"column":64}},"5":{"start":{"line":4,"column":13},"end":{"line":4,"column":48}},"6":{"start":{"line":6,"column":50},"end":{"line":6,"column":66}},"7":{"start":{"line":6,"column":56},"end":{"line":6,"column":66}},"8":{"start":{"line":6,"column":13},"end":{"line":6,"column":50}}},"fnMap":{"0":{"name":"(anonymous_0)","decl":{"start":{"line":2,"column":42},"end":{"line":2,"column":43}},"loc":{"start":{"line":2,"column":63},"end":{"line":2,"column":87}}},"1":{"name":"(anonymous_1)","decl":{"start":{"line":4,"column":48},"end":{"line":4,"column":51}},"loc":{"start":{"line":4,"column":54},"end":{"line":4,"column":64}}},"2":{"name":"(anonymous_2)","decl":{"start":{"line":6,"column":50},"end":{"line":6,"column":53}},"loc":{"start":{"line":6,"column":56},"end":{"line":6,"column":66}}}},"branchMap":{},"s":{"0":2,"1":0,"2":2,"3":2,"4":2,"5":2,"6":2,"7":0,"8":2},"f":{"0":0,"1":2,"2":0},"b":{}}
,"/Users/smita/TestProjects/tempestatibus/src/handlers/index.ts": {"path":"/Users/smita/TestProjects/tempestatibus/src/handlers/index.ts","statementMap":{"0":{"start":{"line":1,"column":0},"end":{"line":1,"column":8}},"1":{"start":{"line":4,"column":4},"end":{"line":1,"column":35}},"2":{"start":{"line":6,"column":4},"end":{"line":1,"column":67}},"3":{"start":{"line":5,"column":4},"end":{"line":1,"column":112}}},"fnMap":{"0":{"name":"(anonymous_0)","decl":{"start":{"line":4,"column":4},"end":{"line":4,"column":29}},"loc":{"start":{"line":4,"column":4},"end":{"line":1,"column":35}}},"1":{"name":"(anonymous_1)","decl":{"start":{"line":6,"column":4},"end":{"line":6,"column":34}},"loc":{"start":{"line":6,"column":4},"end":{"line":1,"column":67}}},"2":{"name":"(anonymous_2)","decl":{"start":{"line":5,"column":4},"end":{"line":5,"column":24}},"loc":{"start":{"line":5,"column":4},"end":{"line":1,"column":112}}}},"branchMap":{},"s":{"0":1,"1":2,"2":2,"3":2},"f":{"0":1,"1":1,"2":1},"b":{}}
,"/Users/smita/TestProjects/tempestatibus/src/handlers/weatherHandler.ts": {"path":"/Users/smita/TestProjects/tempestatibus/src/handlers/weatherHandler.ts","statementMap":{"0":{"start":{"line":1,"column":0},"end":{"line":1,"column":51}},"1":{"start":{"line":2,"column":0},"end":{"line":2,"column":28}},"2":{"start":{"line":3,"column":0},"end":{"line":3,"column":42}},"3":{"start":{"line":4,"column":0},"end":{"line":4,"column":null}},"4":{"start":{"line":8,"column":32},"end":{"line":15,"column":1}},"5":{"start":{"line":9,"column":19},"end":{"line":9,"column":47}},"6":{"start":{"line":10,"column":4},"end":{"line":13,"column":null}},"7":{"start":{"line":11,"column":8},"end":{"line":11,"column":null}},"8":{"start":{"line":12,"column":8},"end":{"line":12,"column":14}},"9":{"start":{"line":14,"column":4},"end":{"line":14,"column":null}},"10":{"start":{"line":8,"column":13},"end":{"line":8,"column":32}},"11":{"start":{"line":17,"column":31},"end":{"line":24,"column":1}},"12":{"start":{"line":18,"column":18},"end":{"line":18,"column":45}},"13":{"start":{"line":19,"column":4},"end":{"line":22,"column":null}},"14":{"start":{"line":20,"column":8},"end":{"line":20,"column":null}},"15":{"start":{"line":21,"column":8},"end":{"line":21,"column":14}},"16":{"start":{"line":23,"column":4},"end":{"line":23,"column":null}},"17":{"start":{"line":17,"column":13},"end":{"line":17,"column":31}},"18":{"start":{"line":26,"column":35},"end":{"line":42,"column":1}},"19":{"start":{"line":27,"column":19},"end":{"line":27,"column":42}},"20":{"start":{"line":28,"column":4},"end":{"line":32,"column":null}},"21":{"start":{"line":29,"column":8},"end":{"line":29,"column":63}},"22":{"start":{"line":30,"column":8},"end":{"line":30,"column":null}},"23":{"start":{"line":31,"column":8},"end":{"line":31,"column":null}},"24":{"start":{"line":34,"column":4},"end":{"line":41,"column":null}},"25":{"start":{"line":35,"column":23},"end":{"line":35,"column":66}},"26":{"start":{"line":36,"column":7},"end":{"line":36,"column":null}},"27":{"start":{"line":37,"column":7},"end":{"line":37,"column":null}},"28":{"start":{"line":39,"column":8},"end":{"line":39,"column":null}},"29":{"start":{"line":40,"column":8},"end":{"line":40,"column":null}},"30":{"start":{"line":26,"column":13},"end":{"line":26,"column":35}},"31":{"start":{"line":44,"column":46},"end":{"line":74,"column":1}},"32":{"start":{"line":45,"column":19},"end":{"line":45,"column":42}},"33":{"start":{"line":46,"column":4},"end":{"line":50,"column":null}},"34":{"start":{"line":47,"column":8},"end":{"line":47,"column":null}},"35":{"start":{"line":48,"column":8},"end":{"line":48,"column":null}},"36":{"start":{"line":49,"column":8},"end":{"line":49,"column":null}},"37":{"start":{"line":51,"column":18},"end":{"line":51,"column":40}},"38":{"start":{"line":52,"column":4},"end":{"line":56,"column":null}},"39":{"start":{"line":53,"column":8},"end":{"line":53,"column":81}},"40":{"start":{"line":54,"column":8},"end":{"line":54,"column":null}},"41":{"start":{"line":55,"column":8},"end":{"line":55,"column":null}},"42":{"start":{"line":58,"column":4},"end":{"line":62,"column":null}},"43":{"start":{"line":58,"column":54},"end":{"line":58,"column":80}},"44":{"start":{"line":59,"column":8},"end":{"line":59,"column":72}},"45":{"start":{"line":60,"column":8},"end":{"line":60,"column":null}},"46":{"start":{"line":61,"column":8},"end":{"line":61,"column":null}},"47":{"start":{"line":64,"column":4},"end":{"line":73,"column":null}},"48":{"start":{"line":65,"column":33},"end":{"line":65,"column":95}},"49":{"start":{"line":66,"column":8},"end":{"line":66,"column":null}},"50":{"start":{"line":67,"column":8},"end":{"line":67,"column":36}},"51":{"start":{"line":70,"column":8},"end":{"line":70,"column":133}},"52":{"start":{"line":71,"column":8},"end":{"line":71,"column":49}},"53":{"start":{"line":72,"column":8},"end":{"line":72,"column":null}},"54":{"start":{"line":44,"column":13},"end":{"line":44,"column":46}},"55":{"start":{"line":76,"column":41},"end":{"line":96,"column":1}},"56":{"start":{"line":77,"column":21},"end":{"line":77,"column":44}},"57":{"start":{"line":79,"column":4},"end":{"line":83,"column":null}},"58":{"start":{"line":80,"column":8},"end":{"line":80,"column":58}},"59":{"start":{"line":81,"column":8},"end":{"line":81,"column":null}},"60":{"start":{"line":82,"column":8},"end":{"line":82,"column":null}},"61":{"start":{"line":86,"column":4},"end":{"line":95,"column":null}},"62":{"start":{"line":87,"column":8},"end":{"line":87,"column":null}},"63":{"start":{"line":88,"column":8},"end":{"line":88,"column":null}},"64":{"start":{"line":89,"column":8},"end":{"line":89,"column":null}},"65":{"start":{"line":92,"column":8},"end":{"line":92,"column":null}},"66":{"start":{"line":93,"column":8},"end":{"line":93,"column":null}},"67":{"start":{"line":94,"column":8},"end":{"line":94,"column":null}},"68":{"start":{"line":76,"column":13},"end":{"line":76,"column":41}}},"fnMap":{"0":{"name":"(anonymous_6)","decl":{"start":{"line":8,"column":32},"end":{"line":8,"column":33}},"loc":{"start":{"line":8,"column":44},"end":{"line":15,"column":1}}},"1":{"name":"(anonymous_7)","decl":{"start":{"line":17,"column":31},"end":{"line":17,"column":32}},"loc":{"start":{"line":17,"column":43},"end":{"line":24,"column":1}}},"2":{"name":"(anonymous_8)","decl":{"start":{"line":26,"column":35},"end":{"line":26,"column":40}},"loc":{"start":{"line":26,"column":75},"end":{"line":42,"column":1}}},"3":{"name":"(anonymous_9)","decl":{"start":{"line":44,"column":46},"end":{"line":44,"column":51}},"loc":{"start":{"line":44,"column":85},"end":{"line":74,"column":1}}},"4":{"name":"(anonymous_10)","decl":{"start":{"line":58,"column":49},"end":{"line":58,"column":51}},"loc":{"start":{"line":58,"column":54},"end":{"line":58,"column":80}}},"5":{"name":"(anonymous_11)","decl":{"start":{"line":76,"column":41},"end":{"line":76,"column":46}},"loc":{"start":{"line":76,"column":80},"end":{"line":96,"column":1}}}},"branchMap":{"0":{"loc":{"start":{"line":10,"column":4},"end":{"line":13,"column":null}},"type":"if","locations":[{"start":{"line":10,"column":4},"end":{"line":13,"column":null}},{"start":{"line":10,"column":4},"end":{"line":13,"column":null}}]},"1":{"loc":{"start":{"line":19,"column":4},"end":{"line":22,"column":null}},"type":"if","locations":[{"start":{"line":19,"column":4},"end":{"line":22,"column":null}},{"start":{"line":19,"column":4},"end":{"line":22,"column":null}}]},"2":{"loc":{"start":{"line":28,"column":4},"end":{"line":32,"column":null}},"type":"if","locations":[{"start":{"line":28,"column":4},"end":{"line":32,"column":null}},{"start":{"line":28,"column":4},"end":{"line":32,"column":null}}]},"3":{"loc":{"start":{"line":46,"column":4},"end":{"line":50,"column":null}},"type":"if","locations":[{"start":{"line":46,"column":4},"end":{"line":50,"column":null}},{"start":{"line":46,"column":4},"end":{"line":50,"column":null}}]},"4":{"loc":{"start":{"line":52,"column":4},"end":{"line":56,"column":null}},"type":"if","locations":[{"start":{"line":52,"column":4},"end":{"line":56,"column":null}},{"start":{"line":52,"column":4},"end":{"line":56,"column":null}}]},"5":{"loc":{"start":{"line":58,"column":4},"end":{"line":62,"column":null}},"type":"if","locations":[{"start":{"line":58,"column":4},"end":{"line":62,"column":null}},{"start":{"line":58,"column":4},"end":{"line":62,"column":null}}]},"6":{"loc":{"start":{"line":58,"column":8},"end":{"line":58,"column":24}},"type":"binary-expr","locations":[{"start":{"line":58,"column":8},"end":{"line":58,"column":24}},{"start":{"line":58,"column":27},"end":{"line":58,"column":82}}]},"7":{"loc":{"start":{"line":79,"column":4},"end":{"line":83,"column":null}},"type":"if","locations":[{"start":{"line":79,"column":4},"end":{"line":83,"column":null}},{"start":{"line":79,"column":4},"end":{"line":83,"column":null}}]}},"s":{"0":1,"1":1,"2":1,"3":1,"4":1,"5":0,"6":0,"7":0,"8":0,"9":0,"10":1,"11":1,"12":0,"13":0,"14":0,"15":0,"16":0,"17":1,"18":1,"19":0,"20":0,"21":0,"22":0,"23":0,"24":0,"25":0,"26":0,"27":0,"28":0,"29":0,"30":1,"31":1,"32":0,"33":0,"34":0,"35":0,"36":0,"37":0,"38":0,"39":0,"40":0,"41":0,"42":0,"43":0,"44":0,"45":0,"46":0,"47":0,"48":0,"49":0,"50":0,"51":0,"52":0,"53":0,"54":1,"55":1,"56":0,"57":0,"58":0,"59":0,"60":0,"61":0,"62":0,"63":0,"64":0,"65":0,"66":0,"67":0,"68":1},"f":{"0":0,"1":0,"2":0,"3":0,"4":0,"5":0},"b":{"0":[0,0],"1":[0,0],"2":[0,0],"3":[0,0],"4":[0,0],"5":[0,0],"6":[0,0],"7":[0,0]}}
,"/Users/smita/TestProjects/tempestatibus/src/hooks/preValidationHook.ts": {"path":"/Users/smita/TestProjects/tempestatibus/src/hooks/preValidationHook.ts","statementMap":{"0":{"start":{"line":1,"column":0},"end":{"line":1,"column":23}},"1":{"start":{"line":2,"column":0},"end":{"line":2,"column":45}},"2":{"start":{"line":3,"column":0},"end":{"line":3,"column":42}},"3":{"start":{"line":6,"column":4},"end":{"line":10,"column":null}},"4":{"start":{"line":7,"column":8},"end":{"line":9,"column":11}},"5":{"start":{"line":12,"column":4},"end":{"line":21,"column":null}},"6":{"start":{"line":13,"column":20},"end":{"line":17,"column":null}},"7":{"start":{"line":19,"column":8},"end":{"line":19,"column":null}},"8":{"start":{"line":20,"column":8},"end":{"line":20,"column":null}},"9":{"start":{"line":5,"column":0},"end":{"line":5,"column":7}}},"fnMap":{"0":{"name":"preValidation","decl":{"start":{"line":5,"column":22},"end":{"line":5,"column":35}},"loc":{"start":{"line":5,"column":53},"end":{"line":22,"column":1}}}},"branchMap":{"0":{"loc":{"start":{"line":6,"column":4},"end":{"line":10,"column":null}},"type":"if","locations":[{"start":{"line":6,"column":4},"end":{"line":10,"column":null}},{"start":{"line":6,"column":4},"end":{"line":10,"column":null}}]},"1":{"loc":{"start":{"line":12,"column":4},"end":{"line":21,"column":null}},"type":"if","locations":[{"start":{"line":12,"column":4},"end":{"line":21,"column":null}},{"start":{"line":12,"column":4},"end":{"line":21,"column":null}}]},"2":{"loc":{"start":{"line":12,"column":9},"end":{"line":12,"column":58}},"type":"binary-expr","locations":[{"start":{"line":12,"column":9},"end":{"line":12,"column":58}},{"start":{"line":12,"column":62},"end":{"line":12,"column":118}},{"start":{"line":12,"column":123},"end":{"line":12,"column":153}}]}},"s":{"0":1,"1":1,"2":1,"3":1,"4":0,"5":1,"6":1,"7":1,"8":1,"9":1},"f":{"0":1},"b":{"0":[0,1],"1":[1,0],"2":[1,0,1]}}
,"/Users/smita/TestProjects/tempestatibus/src/routes/index.ts": {"path":"/Users/smita/TestProjects/tempestatibus/src/routes/index.ts","statementMap":{"0":{"start":{"line":1,"column":0},"end":{"line":1,"column":8}},"1":{"start":{"line":7,"column":4},"end":{"line":1,"column":78}},"2":{"start":{"line":2,"column":0},"end":{"line":2,"column":8}},"3":{"start":{"line":8,"column":4},"end":{"line":2,"column":63}},"4":{"start":{"line":3,"column":0},"end":{"line":3,"column":8}},"5":{"start":{"line":6,"column":4},"end":{"line":3,"column":71}}},"fnMap":{"0":{"name":"(anonymous_0)","decl":{"start":{"line":7,"column":4},"end":{"line":7,"column":35}},"loc":{"start":{"line":7,"column":4},"end":{"line":1,"column":78}}},"1":{"name":"(anonymous_1)","decl":{"start":{"line":8,"column":4},"end":{"line":8,"column":25}},"loc":{"start":{"line":8,"column":4},"end":{"line":2,"column":63}}},"2":{"name":"(anonymous_2)","decl":{"start":{"line":6,"column":4},"end":{"line":6,"column":30}},"loc":{"start":{"line":6,"column":4},"end":{"line":3,"column":71}}}},"branchMap":{},"s":{"0":1,"1":2,"2":1,"3":2,"4":1,"5":2},"f":{"0":1,"1":1,"2":1},"b":{}}
,"/Users/smita/TestProjects/tempestatibus/src/routes/weatherByLocationAndDayRoute.ts": {"path":"/Users/smita/TestProjects/tempestatibus/src/routes/weatherByLocationAndDayRoute.ts","statementMap":{"0":{"start":{"line":1,"column":0},"end":{"line":1,"column":59}},"1":{"start":{"line":3,"column":47},"end":{"line":21,"column":1}},"2":{"start":{"line":4,"column":30},"end":{"line":11,"column":6}},"3":{"start":{"line":12,"column":29},"end":{"line":15,"column":null}},"4":{"start":{"line":16,"column":17},"end":{"line":19,"column":6}},"5":{"start":{"line":20,"column":4},"end":{"line":20,"column":null}},"6":{"start":{"line":3,"column":13},"end":{"line":3,"column":47}}},"fnMap":{"0":{"name":"(anonymous_0)","decl":{"start":{"line":3,"column":47},"end":{"line":3,"column":52}},"loc":{"start":{"line":3,"column":67},"end":{"line":21,"column":1}}}},"branchMap":{},"s":{"0":1,"1":1,"2":1,"3":1,"4":1,"5":1,"6":1},"f":{"0":1},"b":{}}
,"/Users/smita/TestProjects/tempestatibus/src/routes/weatherByLocationAndToday.ts": {"path":"/Users/smita/TestProjects/tempestatibus/src/routes/weatherByLocationAndToday.ts","statementMap":{"0":{"start":{"line":1,"column":0},"end":{"line":1,"column":53}},"1":{"start":{"line":3,"column":42},"end":{"line":20,"column":1}},"2":{"start":{"line":4,"column":30},"end":{"line":11,"column":6}},"3":{"start":{"line":12,"column":29},"end":{"line":14,"column":null}},"4":{"start":{"line":15,"column":17},"end":{"line":18,"column":6}},"5":{"start":{"line":19,"column":4},"end":{"line":19,"column":null}},"6":{"start":{"line":3,"column":13},"end":{"line":3,"column":42}}},"fnMap":{"0":{"name":"(anonymous_0)","decl":{"start":{"line":3,"column":42},"end":{"line":3,"column":47}},"loc":{"start":{"line":3,"column":62},"end":{"line":20,"column":1}}}},"branchMap":{},"s":{"0":1,"1":1,"2":1,"3":1,"4":1,"5":1,"6":1},"f":{"0":1},"b":{}}
,"/Users/smita/TestProjects/tempestatibus/src/routes/weatherByLocationRoute.ts": {"path":"/Users/smita/TestProjects/tempestatibus/src/routes/weatherByLocationRoute.ts","statementMap":{"0":{"start":{"line":1,"column":0},"end":{"line":1,"column":48}},"1":{"start":{"line":3,"column":37},"end":{"line":21,"column":1}},"2":{"start":{"line":4,"column":30},"end":{"line":11,"column":6}},"3":{"start":{"line":12,"column":29},"end":{"line":14,"column":null}},"4":{"start":{"line":15,"column":17},"end":{"line":18,"column":6}},"5":{"start":{"line":20,"column":4},"end":{"line":20,"column":null}},"6":{"start":{"line":3,"column":13},"end":{"line":3,"column":37}}},"fnMap":{"0":{"name":"(anonymous_0)","decl":{"start":{"line":3,"column":37},"end":{"line":3,"column":42}},"loc":{"start":{"line":3,"column":57},"end":{"line":21,"column":1}}}},"branchMap":{},"s":{"0":1,"1":1,"2":1,"3":1,"4":1,"5":1,"6":1},"f":{"0":1},"b":{}}
,"/Users/smita/TestProjects/tempestatibus/src/weatherService/index.ts": {"path":"/Users/smita/TestProjects/tempestatibus/src/weatherService/index.ts","statementMap":{"0":{"start":{"line":1,"column":0},"end":{"line":1,"column":8}},"1":{"start":{"line":4,"column":4},"end":{"line":1,"column":42}},"2":{"start":{"line":6,"column":4},"end":{"line":1,"column":81}},"3":{"start":{"line":5,"column":4},"end":{"line":1,"column":140}}},"fnMap":{"0":{"name":"(anonymous_0)","decl":{"start":{"line":4,"column":4},"end":{"line":4,"column":36}},"loc":{"start":{"line":4,"column":4},"end":{"line":1,"column":42}}},"1":{"name":"(anonymous_1)","decl":{"start":{"line":6,"column":4},"end":{"line":6,"column":41}},"loc":{"start":{"line":6,"column":4},"end":{"line":1,"column":81}}},"2":{"name":"(anonymous_2)","decl":{"start":{"line":5,"column":4},"end":{"line":5,"column":31}},"loc":{"start":{"line":5,"column":4},"end":{"line":1,"column":140}}}},"branchMap":{},"s":{"0":1,"1":1,"2":1,"3":1},"f":{"0":0,"1":0,"2":0},"b":{}}
,"/Users/smita/TestProjects/tempestatibus/src/weatherService/openAPIWeatherService.ts": {"path":"/Users/smita/TestProjects/tempestatibus/src/weatherService/openAPIWeatherService.ts","statementMap":{"0":{"start":{"line":1,"column":0},"end":{"line":1,"column":25}},"1":{"start":{"line":2,"column":0},"end":{"line":2,"column":null}},"2":{"start":{"line":5,"column":0},"end":{"line":5,"column":65}},"3":{"start":{"line":6,"column":0},"end":{"line":6,"column":37}},"4":{"start":{"line":8,"column":42},"end":{"line":25,"column":1}},"5":{"start":{"line":9,"column":17},"end":{"line":9,"column":43}},"6":{"start":{"line":10,"column":15},"end":{"line":17,"column":null}},"7":{"start":{"line":19,"column":4},"end":{"line":24,"column":null}},"8":{"start":{"line":20,"column":7},"end":{"line":20,"column":null}},"9":{"start":{"line":22,"column":8},"end":{"line":22,"column":null}},"10":{"start":{"line":23,"column":8},"end":{"line":23,"column":null}},"11":{"start":{"line":8,"column":13},"end":{"line":8,"column":42}},"12":{"start":{"line":27,"column":53},"end":{"line":36,"column":1}},"13":{"start":{"line":28,"column":4},"end":{"line":35,"column":null}},"14":{"start":{"line":29,"column":33},"end":{"line":29,"column":97}},"15":{"start":{"line":30,"column":8},"end":{"line":30,"column":49}},"16":{"start":{"line":33,"column":8},"end":{"line":33,"column":133}},"17":{"start":{"line":34,"column":8},"end":{"line":34,"column":null}},"18":{"start":{"line":27,"column":13},"end":{"line":27,"column":53}},"19":{"start":{"line":38,"column":48},"end":{"line":47,"column":1}},"20":{"start":{"line":39,"column":18},"end":{"line":39,"column":55}},"21":{"start":{"line":40,"column":4},"end":{"line":46,"column":null}},"22":{"start":{"line":41,"column":8},"end":{"line":41,"column":null}},"23":{"start":{"line":44,"column":8},"end":{"line":44,"column":null}},"24":{"start":{"line":45,"column":8},"end":{"line":45,"column":null}},"25":{"start":{"line":38,"column":13},"end":{"line":38,"column":48}}},"fnMap":{"0":{"name":"(anonymous_1)","decl":{"start":{"line":8,"column":42},"end":{"line":8,"column":47}},"loc":{"start":{"line":8,"column":80},"end":{"line":25,"column":1}}},"1":{"name":"(anonymous_2)","decl":{"start":{"line":27,"column":53},"end":{"line":27,"column":58}},"loc":{"start":{"line":27,"column":106},"end":{"line":36,"column":1}}},"2":{"name":"(anonymous_3)","decl":{"start":{"line":38,"column":48},"end":{"line":38,"column":53}},"loc":{"start":{"line":38,"column":85},"end":{"line":47,"column":1}}}},"branchMap":{},"s":{"0":1,"1":1,"2":1,"3":1,"4":1,"5":0,"6":0,"7":0,"8":0,"9":0,"10":0,"11":1,"12":1,"13":0,"14":0,"15":0,"16":0,"17":0,"18":1,"19":1,"20":0,"21":0,"22":0,"23":0,"24":0,"25":1},"f":{"0":0,"1":0,"2":0},"b":{}}
}
