TN:
SF:src/cache/geoCoordinatesCache.ts
FN:6,(anonymous_6)
FN:14,(anonymous_7)
FNF:2
FNH:0
FNDA:0,(anonymous_6)
FNDA:0,(anonymous_7)
DA:2,1
DA:4,1
DA:6,1
DA:7,0
DA:8,0
DA:11,0
DA:14,1
DA:15,0
DA:16,0
DA:17,0
DA:18,0
DA:19,0
DA:20,0
DA:21,0
DA:22,0
DA:23,0
DA:24,0
DA:25,0
DA:26,0
DA:27,0
DA:28,0
LF:21
LH:4
BRDA:7,0,0,0
BRDA:7,0,1,0
BRF:2
BRH:0
end_of_record
TN:
SF:src/cache/index.ts
FN:4,(anonymous_0)
FN:4,(anonymous_1)
FN:4,(anonymous_2)
FN:4,(anonymous_3)
FN:4,(anonymous_4)
FNF:5
FNH:3
FNDA:0,(anonymous_0)
FNDA:0,(anonymous_1)
FNDA:4,(anonymous_2)
FNDA:2,(anonymous_3)
FNDA:1,(anonymous_4)
DA:1,1
DA:2,1
DA:4,5
LF:3
LH:3
BRF:0
BRH:0
end_of_record
TN:
SF:src/cache/weatherCache.ts
FN:9,(anonymous_7)
FN:23,(anonymous_8)
FN:30,(anonymous_9)
FN:37,(anonymous_10)
FN:65,(anonymous_11)
FNF:5
FNH:4
FNDA:4,(anonymous_7)
FNDA:2,(anonymous_8)
FNDA:1,(anonymous_9)
FNDA:0,(anonymous_10)
FNDA:1,(anonymous_11)
DA:1,1
DA:2,1
DA:3,1
DA:4,1
DA:5,1
DA:7,1
DA:9,1
DA:10,4
DA:11,1
DA:12,1
DA:15,3
DA:16,2
DA:19,1
DA:23,1
DA:24,2
DA:25,2
DA:26,1
DA:27,1
DA:30,1
DA:31,1
DA:34,1
DA:37,1
DA:38,0
DA:39,0
DA:42,0
DA:43,0
DA:44,0
DA:45,0
DA:46,0
DA:49,0
DA:50,0
DA:53,0
DA:54,0
DA:56,0
DA:57,0
DA:58,0
DA:61,0
DA:62,0
DA:65,1
DA:67,1
DA:68,1
DA:69,1
DA:82,1
DA:83,1
DA:84,1
DA:87,0
DA:88,0
DA:90,1
DA:91,1
LF:49
LH:31
BRDA:10,0,0,1
BRDA:10,0,1,3
BRDA:15,1,0,2
BRDA:15,1,1,1
BRDA:24,2,0,2
BRDA:24,2,1,1
BRDA:25,3,0,1
BRDA:25,3,1,1
BRDA:38,4,0,0
BRDA:38,4,1,0
BRDA:38,5,0,0
BRDA:38,5,1,0
BRDA:45,6,0,0
BRDA:45,6,1,0
BRDA:45,7,0,0
BRDA:45,7,1,0
BRDA:56,8,0,0
BRDA:56,8,1,0
BRDA:84,9,0,1
BRDA:84,9,1,1
BRDA:84,9,2,1
BRF:21
BRH:11
end_of_record
TN:
SF:src/common/config/config.ts
FN:2,(anonymous_0)
FNF:1
FNH:1
FNDA:3,(anonymous_0)
DA:2,1
DA:3,3
DA:4,0
DA:5,1
DA:6,0
DA:7,0
DA:8,0
DA:9,2
DA:11,0
LF:9
LH:4
BRDA:4,0,0,0
BRDA:4,0,1,1
BRDA:4,0,2,0
BRDA:4,0,3,0
BRDA:4,0,4,0
BRDA:4,0,5,2
BRDA:4,0,6,0
BRDA:4,1,0,0
BRDA:4,1,1,0
BRDA:5,2,0,1
BRDA:5,2,1,1
BRDA:6,3,0,0
BRDA:6,3,1,0
BRDA:7,4,0,0
BRDA:7,4,1,0
BRDA:8,5,0,0
BRDA:8,5,1,0
BRDA:9,6,0,2
BRDA:9,6,1,2
BRF:19
BRH:6
end_of_record
TN:
SF:src/common/config/index.ts
FN:4,(anonymous_0)
FNF:1
FNH:1
FNDA:1,(anonymous_0)
DA:1,1
DA:4,2
LF:2
LH:2
BRF:0
BRH:0
end_of_record
TN:
SF:src/common/utils/constants.ts
FNF:0
FNH:0
DA:1,1
DA:2,1
LF:2
LH:2
BRF:0
BRH:0
end_of_record
TN:
SF:src/common/utils/httpCodes.ts
FN:1,(anonymous_0)
FNF:1
FNH:1
FNDA:1,(anonymous_0)
DA:1,1
DA:2,1
DA:3,1
DA:4,1
DA:5,1
DA:6,1
DA:7,1
LF:7
LH:7
BRDA:1,0,0,1
BRDA:1,0,1,1
BRF:2
BRH:2
end_of_record
TN:
SF:src/common/utils/index.ts
FN:8,(anonymous_0)
FN:9,(anonymous_1)
FN:14,(anonymous_2)
FN:13,(anonymous_3)
FN:10,(anonymous_4)
FN:11,(anonymous_5)
FN:12,(anonymous_6)
FN:15,(anonymous_7)
FNF:8
FNH:4
FNDA:2,(anonymous_0)
FNDA:2,(anonymous_1)
FNDA:0,(anonymous_2)
FNDA:0,(anonymous_3)
FNDA:0,(anonymous_4)
FNDA:2,(anonymous_5)
FNDA:0,(anonymous_6)
FNDA:1,(anonymous_7)
DA:1,1
DA:2,1
DA:3,1
DA:4,1
DA:5,1
DA:8,3
DA:9,3
DA:10,1
DA:11,3
DA:12,1
DA:13,1
DA:14,1
DA:15,2
LF:13
LH:13
BRF:0
BRH:0
end_of_record
TN:
SF:src/common/utils/logger.ts
FNF:0
FNH:0
DA:1,1
DA:2,1
DA:4,1
DA:10,1
LF:4
LH:4
BRF:0
BRH:0
end_of_record
TN:
SF:src/common/utils/upstreamUrls.ts
FN:2,(anonymous_0)
FN:4,(anonymous_1)
FN:6,(anonymous_2)
FNF:3
FNH:1
FNDA:0,(anonymous_0)
FNDA:2,(anonymous_1)
FNDA:0,(anonymous_2)
DA:2,1
DA:4,2
DA:6,1
LF:3
LH:3
BRF:0
BRH:0
end_of_record
